<?xml version="1.0" encoding="UTF-8"?>
<coverage generated="1786608689643" clover="3.2.0">
  <project timestamp="1786608689643" name="All files">
    <metrics statements="58" coveredstatements="50" conditionals="74" coveredconditionals="45" methods="32" coveredmethods="16" elements="164" coveredelements="111" complexity="0" loc="58" ncloc="58" packages="1" files="5" classes="5"/>
    <file name="PopScreenContent.tsx" path="C:\Education\New folder (5)\react-native-popScreen\react-native-popScreen-deepseek\src\PopScreenContent.tsx">
      <metrics statements="9" coveredstatements="9" conditionals="11" coveredconditionals="11" methods="3" coveredmethods="3"/>
      <line num="34" count="6" type="stmt"/>
      <line num="35" count="6" type="cond" truecount="4" falsecount="0"/>
      <line num="36" count="2" type="stmt"/>
      <line num="40" count="6" type="stmt"/>
      <line num="41" count="6" type="cond" truecount="4" falsecount="0"/>
      <line num="42" count="2" type="cond" truecount="2" falsecount="0"/>
      <line num="43" count="1" type="stmt"/>
      <line num="46" count="6" type="stmt"/>
      <line num="54" count="1" type="stmt"/>
    </file>
    <file name="PopScreenHeader.tsx" path="C:\Education\New folder (5)\react-native-popScreen\react-native-popScreen-deepseek\src\PopScreenHeader.tsx">
      <metrics statements="15" coveredstatements="12" conditionals="21" coveredconditionals="15" methods="5" coveredmethods="3"/>
      <line num="54" count="6" type="stmt"/>
      <line num="55" count="2" type="cond" truecount="2" falsecount="0"/>
      <line num="56" count="1" type="stmt"/>
      <line num="58" count="1" type="stmt"/>
      <line num="62" count="6" type="stmt"/>
      <line num="63" count="2" type="cond" truecount="2" falsecount="0"/>
      <line num="64" count="1" type="stmt"/>
      <line num="66" count="1" type="stmt"/>
      <line num="67" count="1" type="stmt"/>
      <line num="71" count="6" type="cond" truecount="1" falsecount="1"/>
      <line num="72" count="0" type="stmt"/>
      <line num="75" count="6" type="stmt"/>
      <line num="79" count="0" type="stmt"/>
      <line num="106" count="0" type="stmt"/>
      <line num="128" count="2" type="stmt"/>
    </file>
    <file name="PopScreenModule.ts" path="C:\Education\New folder (5)\react-native-popScreen\react-native-popScreen-deepseek\src\PopScreenModule.ts">
      <metrics statements="12" coveredstatements="7" conditionals="28" coveredconditionals="6" methods="15" coveredmethods="1"/>
      <line num="4" count="2" type="stmt"/>
      <line num="21" count="2" type="stmt"/>
      <line num="22" count="2" type="stmt"/>
      <line num="23" count="2" type="stmt"/>
      <line num="25" count="2" type="cond" truecount="1" falsecount="1"/>
      <line num="26" count="0" type="stmt"/>
      <line num="28" count="0" type="stmt"/>
      <line num="34" count="0" type="stmt"/>
      <line num="49" count="2" type="stmt"/>
      <line num="52" count="0" type="cond" truecount="0" falsecount="2"/>
      <line num="59" count="0" type="cond" truecount="0" falsecount="2"/>
      <line num="66" count="2" type="cond" truecount="1" falsecount="1"/>
    </file>
    <file name="createOverlayStore.ts" path="C:\Education\New folder (5)\react-native-popScreen\react-native-popScreen-deepseek\src\createOverlayStore.ts">
      <metrics statements="9" coveredstatements="9" conditionals="2" coveredconditionals="2" methods="6" coveredmethods="6"/>
      <line num="7" count="7" type="stmt"/>
      <line num="8" count="7" type="stmt"/>
      <line num="11" count="7" type="stmt"/>
      <line num="15" count="5" type="cond" truecount="2" falsecount="0"/>
      <line num="16" count="5" type="stmt"/>
      <line num="17" count="5" type="stmt"/>
      <line num="21" count="2" type="stmt"/>
      <line num="22" count="2" type="stmt"/>
      <line num="25" count="7" type="stmt"/>
    </file>
    <file name="minimizeRestore.ts" path="C:\Education\New folder (5)\react-native-popScreen\react-native-popScreen-deepseek\src\minimizeRestore.ts">
      <metrics statements="13" coveredstatements="13" conditionals="12" coveredconditionals="11" methods="3" coveredmethods="3"/>
      <line num="3" count="4" type="stmt"/>
      <line num="4" count="4" type="stmt"/>
      <line num="6" count="4" type="stmt"/>
      <line num="17" count="4" type="cond" truecount="2" falsecount="0"/>
      <line num="18" count="3" type="cond" truecount="1" falsecount="1"/>
      <line num="19" count="3" type="stmt"/>
      <line num="21" count="3" type="cond" truecount="2" falsecount="0"/>
      <line num="22" count="3" type="cond" truecount="2" falsecount="0"/>
      <line num="24" count="3" type="stmt"/>
      <line num="28" count="2" type="cond" truecount="4" falsecount="0"/>
      <line num="29" count="1" type="stmt"/>
      <line num="31" count="1" type="stmt"/>
      <line num="40" count="2" type="stmt"/>
    </file>
  </project>
</coverage>
