<?xml version="1.0" encoding="UTF-8"?>
<coverage generated="1786611079754" clover="3.2.0">
  <project timestamp="1786611079755" name="All files">
    <metrics statements="83" coveredstatements="70" conditionals="102" coveredconditionals="81" methods="35" coveredmethods="21" elements="220" coveredelements="172" complexity="0" loc="83" ncloc="83" packages="1" files="5" classes="5"/>
    <file name="PopScreenContent.tsx" path="C:\Education\New folder (5)\react-native-popScreen\react-native-popScreen-deepseek\src\PopScreenContent.tsx">
      <metrics statements="34" coveredstatements="27" conditionals="39" coveredconditionals="35" methods="6" coveredmethods="6"/>
      <line num="59" count="10" type="stmt"/>
      <line num="60" count="10" type="cond" truecount="4" falsecount="0"/>
      <line num="61" count="2" type="stmt"/>
      <line num="65" count="10" type="stmt"/>
      <line num="66" count="10" type="cond" truecount="4" falsecount="0"/>
      <line num="67" count="1" type="stmt"/>
      <line num="71" count="10" type="stmt"/>
      <line num="72" count="10" type="cond" truecount="6" falsecount="0"/>
      <line num="73" count="1" type="stmt"/>
      <line num="77" count="10" type="stmt"/>
      <line num="78" count="10" type="cond" truecount="4" falsecount="0"/>
      <line num="79" count="2" type="cond" truecount="2" falsecount="0"/>
      <line num="80" count="1" type="stmt"/>
      <line num="83" count="10" type="stmt"/>
      <line num="84" count="10" type="cond" truecount="3" falsecount="1"/>
      <line num="85" count="10" type="stmt"/>
      <line num="86" count="10" type="stmt"/>
      <line num="88" count="10" type="cond" truecount="3" falsecount="3"/>
      <line num="90" count="1" type="stmt"/>
      <line num="91" count="1" type="stmt"/>
      <line num="92" count="1" type="stmt"/>
      <line num="94" count="0" type="stmt"/>
      <line num="95" count="0" type="stmt"/>
      <line num="97" count="0" type="stmt"/>
      <line num="98" count="0" type="stmt"/>
      <line num="99" count="0" type="stmt"/>
      <line num="101" count="0" type="stmt"/>
      <line num="102" count="0" type="stmt"/>
      <line num="105" count="9" type="stmt"/>
      <line num="106" count="9" type="stmt"/>
      <line num="109" count="10" type="cond" truecount="2" falsecount="0"/>
      <line num="111" count="10" type="stmt"/>
      <line num="120" count="10" type="stmt"/>
      <line num="128" count="1" type="stmt"/>
    </file>
    <file name="PopScreenHeader.tsx" path="C:\Education\New folder (5)\react-native-popScreen\react-native-popScreen-deepseek\src\PopScreenHeader.tsx">
      <metrics statements="15" coveredstatements="12" conditionals="21" coveredconditionals="15" methods="5" coveredmethods="3"/>
      <line num="54" count="6" type="stmt"/>
      <line num="55" count="2" type="cond" truecount="2" falsecount="0"/>
      <line num="56" count="1" type="stmt"/>
      <line num="58" count="1" type="stmt"/>
      <line num="62" count="6" type="stmt"/>
      <line num="63" count="2" type="cond" truecount="2" falsecount="0"/>
      <line num="64" count="1" type="stmt"/>
      <line num="66" count="1" type="stmt"/>
      <line num="67" count="1" type="stmt"/>
      <line num="71" count="6" type="cond" truecount="1" falsecount="1"/>
      <line num="72" count="0" type="stmt"/>
      <line num="75" count="6" type="stmt"/>
      <line num="79" count="0" type="stmt"/>
      <line num="106" count="0" type="stmt"/>
      <line num="128" count="2" type="stmt"/>
    </file>
    <file name="PopScreenModule.ts" path="C:\Education\New folder (5)\react-native-popScreen\react-native-popScreen-deepseek\src\PopScreenModule.ts">
      <metrics statements="12" coveredstatements="9" conditionals="28" coveredconditionals="18" methods="15" coveredmethods="3"/>
      <line num="4" count="2" type="stmt"/>
      <line num="21" count="2" type="stmt"/>
      <line num="22" count="2" type="stmt"/>
      <line num="23" count="2" type="stmt"/>
      <line num="25" count="2" type="cond" truecount="1" falsecount="1"/>
      <line num="26" count="0" type="stmt"/>
      <line num="28" count="0" type="stmt"/>
      <line num="34" count="0" type="stmt"/>
      <line num="49" count="2" type="stmt"/>
      <line num="52" count="1" type="cond" truecount="1" falsecount="1"/>
      <line num="59" count="1" type="cond" truecount="1" falsecount="1"/>
      <line num="66" count="2" type="cond" truecount="1" falsecount="1"/>
    </file>
    <file name="createOverlayStore.ts" path="C:\Education\New folder (5)\react-native-popScreen\react-native-popScreen-deepseek\src\createOverlayStore.ts">
      <metrics statements="9" coveredstatements="9" conditionals="2" coveredconditionals="2" methods="6" coveredmethods="6"/>
      <line num="7" count="7" type="stmt"/>
      <line num="8" count="7" type="stmt"/>
      <line num="11" count="7" type="stmt"/>
      <line num="15" count="5" type="cond" truecount="2" falsecount="0"/>
      <line num="16" count="5" type="stmt"/>
      <line num="17" count="5" type="stmt"/>
      <line num="21" count="2" type="stmt"/>
      <line num="22" count="2" type="stmt"/>
      <line num="25" count="7" type="stmt"/>
    </file>
    <file name="minimizeRestore.ts" path="C:\Education\New folder (5)\react-native-popScreen\react-native-popScreen-deepseek\src\minimizeRestore.ts">
      <metrics statements="13" coveredstatements="13" conditionals="12" coveredconditionals="11" methods="3" coveredmethods="3"/>
      <line num="3" count="4" type="stmt"/>
      <line num="4" count="4" type="stmt"/>
      <line num="6" count="4" type="stmt"/>
      <line num="17" count="4" type="cond" truecount="2" falsecount="0"/>
      <line num="18" count="3" type="cond" truecount="1" falsecount="1"/>
      <line num="19" count="3" type="stmt"/>
      <line num="21" count="3" type="cond" truecount="2" falsecount="0"/>
      <line num="22" count="3" type="cond" truecount="2" falsecount="0"/>
      <line num="24" count="3" type="stmt"/>
      <line num="28" count="2" type="cond" truecount="4" falsecount="0"/>
      <line num="29" count="1" type="stmt"/>
      <line num="31" count="1" type="stmt"/>
      <line num="40" count="2" type="stmt"/>
    </file>
  </project>
</coverage>
