{"C:\\Education\\New folder (5)\\react-native-popScreen\\react-native-popScreen-deepseek\\src\\PopScreenContent.tsx": {"path":"C:\\Education\\New folder (5)\\react-native-popScreen\\react-native-popScreen-deepseek\\src\\PopScreenContent.tsx","statementMap":{"0":{"start":{"line":59,"column":2},"end":{"line":63,"column":43}},"1":{"start":{"line":60,"column":4},"end":{"line":62,"column":5}},"2":{"start":{"line":61,"column":6},"end":{"line":61,"column":78}},"3":{"start":{"line":65,"column":2},"end":{"line":69,"column":22}},"4":{"start":{"line":66,"column":4},"end":{"line":68,"column":5}},"5":{"start":{"line":67,"column":6},"end":{"line":67,"column":73}},"6":{"start":{"line":71,"column":2},"end":{"line":75,"column":49}},"7":{"start":{"line":72,"column":4},"end":{"line":74,"column":5}},"8":{"start":{"line":73,"column":6},"end":{"line":73,"column":83}},"9":{"start":{"line":77,"column":23},"end":{"line":81,"column":3}},"10":{"start":{"line":78,"column":4},"end":{"line":78,"column":44}},"11":{"start":{"line":78,"column":32},"end":{"line":78,"column":44}},"12":{"start":{"line":79,"column":4},"end":{"line":79,"column":30}},"13":{"start":{"line":79,"column":16},"end":{"line":79,"column":30}},"14":{"start":{"line":80,"column":4},"end":{"line":80,"column":48}},"15":{"start":{"line":83,"column":32},"end":{"line":118,"column":3}},"16":{"start":{"line":84,"column":27},"end":{"line":84,"column":88}},"17":{"start":{"line":85,"column":24},"end":{"line":85,"column":26}},"18":{"start":{"line":86,"column":42},"end":{"line":86,"column":51}},"19":{"start":{"line":88,"column":4},"end":{"line":107,"column":5}},"20":{"start":{"line":90,"column":8},"end":{"line":90,"column":29}},"21":{"start":{"line":91,"column":8},"end":{"line":91,"column":24}},"22":{"start":{"line":92,"column":8},"end":{"line":92,"column":14}},"23":{"start":{"line":94,"column":8},"end":{"line":94,"column":29}},"24":{"start":{"line":95,"column":8},"end":{"line":95,"column":14}},"25":{"start":{"line":97,"column":8},"end":{"line":97,"column":26}},"26":{"start":{"line":98,"column":8},"end":{"line":98,"column":24}},"27":{"start":{"line":99,"column":8},"end":{"line":99,"column":14}},"28":{"start":{"line":101,"column":8},"end":{"line":101,"column":26}},"29":{"start":{"line":102,"column":8},"end":{"line":102,"column":14}},"30":{"start":{"line":105,"column":8},"end":{"line":105,"column":27}},"31":{"start":{"line":106,"column":8},"end":{"line":106,"column":14}},"32":{"start":{"line":109,"column":27},"end":{"line":109,"column":56}},"33":{"start":{"line":111,"column":4},"end":{"line":117,"column":6}},"34":{"start":{"line":120,"column":2},"end":{"line":125,"column":4}},"35":{"start":{"line":128,"column":15},"end":{"line":132,"column":2}}},"fnMap":{"0":{"name":"PopScreenContent","decl":{"start":{"line":42,"column":24},"end":{"line":42,"column":40}},"loc":{"start":{"line":58,"column":26},"end":{"line":126,"column":1}},"line":58},"1":{"name":"(anonymous_1)","decl":{"start":{"line":59,"column":12},"end":{"line":59,"column":13}},"loc":{"start":{"line":59,"column":18},"end":{"line":63,"column":3}},"line":59},"2":{"name":"(anonymous_2)","decl":{"start":{"line":65,"column":12},"end":{"line":65,"column":13}},"loc":{"start":{"line":65,"column":18},"end":{"line":69,"column":3}},"line":65},"3":{"name":"(anonymous_3)","decl":{"start":{"line":71,"column":12},"end":{"line":71,"column":13}},"loc":{"start":{"line":71,"column":18},"end":{"line":75,"column":3}},"line":71},"4":{"name":"(anonymous_4)","decl":{"start":{"line":77,"column":23},"end":{"line":77,"column":24}},"loc":{"start":{"line":77,"column":29},"end":{"line":81,"column":3}},"line":77},"5":{"name":"(anonymous_5)","decl":{"start":{"line":83,"column":32},"end":{"line":83,"column":33}},"loc":{"start":{"line":83,"column":49},"end":{"line":118,"column":3}},"line":83}},"branchMap":{"0":{"loc":{"start":{"line":46,"column":2},"end":{"line":46,"column":20}},"type":"default-arg","locations":[{"start":{"line":46,"column":15},"end":{"line":46,"column":20}}],"line":46},"1":{"loc":{"start":{"line":60,"column":4},"end":{"line":62,"column":5}},"type":"if","locations":[{"start":{"line":60,"column":4},"end":{"line":62,"column":5}},{"start":{},"end":{}}],"line":60},"2":{"loc":{"start":{"line":60,"column":8},"end":{"line":60,"column":72}},"type":"binary-expr","locations":[{"start":{"line":60,"column":8},"end":{"line":60,"column":38}},{"start":{"line":60,"column":42},"end":{"line":60,"column":72}}],"line":60},"3":{"loc":{"start":{"line":66,"column":4},"end":{"line":68,"column":5}},"type":"if","locations":[{"start":{"line":66,"column":4},"end":{"line":68,"column":5}},{"start":{},"end":{}}],"line":66},"4":{"loc":{"start":{"line":66,"column":8},"end":{"line":66,"column":51}},"type":"binary-expr","locations":[{"start":{"line":66,"column":8},"end":{"line":66,"column":27}},{"start":{"line":66,"column":31},"end":{"line":66,"column":51}}],"line":66},"5":{"loc":{"start":{"line":72,"column":4},"end":{"line":74,"column":5}},"type":"if","locations":[{"start":{"line":72,"column":4},"end":{"line":74,"column":5}},{"start":{},"end":{}}],"line":72},"6":{"loc":{"start":{"line":72,"column":8},"end":{"line":72,"column":110}},"type":"binary-expr","locations":[{"start":{"line":72,"column":8},"end":{"line":72,"column":30}},{"start":{"line":72,"column":34},"end":{"line":72,"column":57}},{"start":{"line":72,"column":61},"end":{"line":72,"column":83}},{"start":{"line":72,"column":87},"end":{"line":72,"column":110}}],"line":72},"7":{"loc":{"start":{"line":78,"column":4},"end":{"line":78,"column":44}},"type":"if","locations":[{"start":{"line":78,"column":4},"end":{"line":78,"column":44}},{"start":{},"end":{}}],"line":78},"8":{"loc":{"start":{"line":78,"column":8},"end":{"line":78,"column":30}},"type":"binary-expr","locations":[{"start":{"line":78,"column":8},"end":{"line":78,"column":19}},{"start":{"line":78,"column":23},"end":{"line":78,"column":30}}],"line":78},"9":{"loc":{"start":{"line":79,"column":4},"end":{"line":79,"column":30}},"type":"if","locations":[{"start":{"line":79,"column":4},"end":{"line":79,"column":30}},{"start":{},"end":{}}],"line":79},"10":{"loc":{"start":{"line":84,"column":27},"end":{"line":84,"column":88}},"type":"binary-expr","locations":[{"start":{"line":84,"column":27},"end":{"line":84,"column":32}},{"start":{"line":84,"column":37},"end":{"line":84,"column":87}}],"line":84},"11":{"loc":{"start":{"line":84,"column":37},"end":{"line":84,"column":87}},"type":"cond-expr","locations":[{"start":{"line":84,"column":66},"end":{"line":84,"column":75}},{"start":{"line":84,"column":78},"end":{"line":84,"column":87}}],"line":84},"12":{"loc":{"start":{"line":88,"column":4},"end":{"line":107,"column":5}},"type":"switch","locations":[{"start":{"line":89,"column":6},"end":{"line":92,"column":14}},{"start":{"line":93,"column":6},"end":{"line":95,"column":14}},{"start":{"line":96,"column":6},"end":{"line":99,"column":14}},{"start":{"line":100,"column":6},"end":{"line":102,"column":14}},{"start":{"line":103,"column":6},"end":{"line":103,"column":21}},{"start":{"line":104,"column":6},"end":{"line":106,"column":14}}],"line":88},"13":{"loc":{"start":{"line":109,"column":27},"end":{"line":109,"column":56}},"type":"binary-expr","locations":[{"start":{"line":109,"column":27},"end":{"line":109,"column":39}},{"start":{"line":109,"column":43},"end":{"line":109,"column":56}}],"line":109},"14":{"loc":{"start":{"line":114,"column":10},"end":{"line":114,"column":58}},"type":"cond-expr","locations":[{"start":{"line":114,"column":38},"end":{"line":114,"column":53}},{"start":{"line":114,"column":56},"end":{"line":114,"column":58}}],"line":114},"15":{"loc":{"start":{"line":115,"column":10},"end":{"line":115,"column":46}},"type":"cond-expr","locations":[{"start":{"line":115,"column":32},"end":{"line":115,"column":41}},{"start":{"line":115,"column":44},"end":{"line":115,"column":46}}],"line":115},"16":{"loc":{"start":{"line":116,"column":10},"end":{"line":116,"column":48}},"type":"cond-expr","locations":[{"start":{"line":116,"column":33},"end":{"line":116,"column":43}},{"start":{"line":116,"column":46},"end":{"line":116,"column":48}}],"line":116}},"s":{"0":10,"1":10,"2":2,"3":10,"4":10,"5":1,"6":10,"7":10,"8":1,"9":10,"10":10,"11":8,"12":2,"13":1,"14":1,"15":10,"16":10,"17":10,"18":10,"19":10,"20":1,"21":1,"22":1,"23":0,"24":0,"25":0,"26":0,"27":0,"28":0,"29":0,"30":9,"31":9,"32":10,"33":10,"34":10,"35":1},"f":{"0":10,"1":10,"2":10,"3":10,"4":10,"5":10},"b":{"0":[9],"1":[2,8],"2":[10,9],"3":[1,9],"4":[10,9],"5":[1,9],"6":[10,9,9,9],"7":[8,2],"8":[10,9],"9":[1,1],"10":[10,8],"11":[0,8],"12":[1,0,0,0,9,9],"13":[10,9],"14":[1,9],"15":[1,9],"16":[1,9]},"_coverageSchema":"1a1c01bbd47fc00a2c39e90264f33305004495a9","hash":"4a1cac0bbdc1d4fe763c4ffc26cb504251926cfe"}
,"C:\\Education\\New folder (5)\\react-native-popScreen\\react-native-popScreen-deepseek\\src\\PopScreenHeader.tsx": {"path":"C:\\Education\\New folder (5)\\react-native-popScreen\\react-native-popScreen-deepseek\\src\\PopScreenHeader.tsx","statementMap":{"0":{"start":{"line":54,"column":23},"end":{"line":60,"column":3}},"1":{"start":{"line":55,"column":4},"end":{"line":59,"column":5}},"2":{"start":{"line":56,"column":6},"end":{"line":56,"column":17}},"3":{"start":{"line":58,"column":6},"end":{"line":58,"column":29}},"4":{"start":{"line":62,"column":26},"end":{"line":69,"column":3}},"5":{"start":{"line":63,"column":4},"end":{"line":68,"column":5}},"6":{"start":{"line":64,"column":6},"end":{"line":64,"column":20}},"7":{"start":{"line":66,"column":6},"end":{"line":66,"column":38}},"8":{"start":{"line":67,"column":6},"end":{"line":67,"column":35}},"9":{"start":{"line":71,"column":2},"end":{"line":73,"column":3}},"10":{"start":{"line":72,"column":4},"end":{"line":72,"column":75}},"11":{"start":{"line":75,"column":2},"end":{"line":125,"column":4}},"12":{"start":{"line":79,"column":34},"end":{"line":84,"column":11}},"13":{"start":{"line":106,"column":34},"end":{"line":111,"column":11}},"14":{"start":{"line":128,"column":15},"end":{"line":176,"column":2}}},"fnMap":{"0":{"name":"PopScreenHeader","decl":{"start":{"line":40,"column":24},"end":{"line":40,"column":39}},"loc":{"start":{"line":53,"column":25},"end":{"line":126,"column":1}},"line":53},"1":{"name":"(anonymous_1)","decl":{"start":{"line":54,"column":23},"end":{"line":54,"column":24}},"loc":{"start":{"line":54,"column":29},"end":{"line":60,"column":3}},"line":54},"2":{"name":"(anonymous_2)","decl":{"start":{"line":62,"column":26},"end":{"line":62,"column":27}},"loc":{"start":{"line":62,"column":38},"end":{"line":69,"column":3}},"line":62},"3":{"name":"(anonymous_3)","decl":{"start":{"line":79,"column":17},"end":{"line":79,"column":18}},"loc":{"start":{"line":79,"column":34},"end":{"line":84,"column":11}},"line":79},"4":{"name":"(anonymous_4)","decl":{"start":{"line":106,"column":17},"end":{"line":106,"column":18}},"loc":{"start":{"line":106,"column":34},"end":{"line":111,"column":11}},"line":106}},"branchMap":{"0":{"loc":{"start":{"line":41,"column":2},"end":{"line":41,"column":19}},"type":"default-arg","locations":[{"start":{"line":41,"column":10},"end":{"line":41,"column":19}}],"line":41},"1":{"loc":{"start":{"line":44,"column":2},"end":{"line":44,"column":19}},"type":"default-arg","locations":[{"start":{"line":44,"column":15},"end":{"line":44,"column":19}}],"line":44},"2":{"loc":{"start":{"line":45,"column":2},"end":{"line":45,"column":22}},"type":"default-arg","locations":[{"start":{"line":45,"column":18},"end":{"line":45,"column":22}}],"line":45},"3":{"loc":{"start":{"line":46,"column":2},"end":{"line":46,"column":23}},"type":"default-arg","locations":[{"start":{"line":46,"column":15},"end":{"line":46,"column":23}}],"line":46},"4":{"loc":{"start":{"line":47,"column":2},"end":{"line":47,"column":36}},"type":"default-arg","locations":[{"start":{"line":47,"column":18},"end":{"line":47,"column":36}}],"line":47},"5":{"loc":{"start":{"line":55,"column":4},"end":{"line":59,"column":5}},"type":"if","locations":[{"start":{"line":55,"column":4},"end":{"line":59,"column":5}},{"start":{"line":57,"column":11},"end":{"line":59,"column":5}}],"line":55},"6":{"loc":{"start":{"line":63,"column":4},"end":{"line":68,"column":5}},"type":"if","locations":[{"start":{"line":63,"column":4},"end":{"line":68,"column":5}},{"start":{"line":65,"column":11},"end":{"line":68,"column":5}}],"line":63},"7":{"loc":{"start":{"line":71,"column":2},"end":{"line":73,"column":3}},"type":"if","locations":[{"start":{"line":71,"column":2},"end":{"line":73,"column":3}},{"start":{},"end":{}}],"line":71},"8":{"loc":{"start":{"line":77,"column":7},"end":{"line":96,"column":7}},"type":"cond-expr","locations":[{"start":{"line":78,"column":8},"end":{"line":93,"column":20}},{"start":{"line":95,"column":8},"end":{"line":95,"column":49}}],"line":77},"9":{"loc":{"start":{"line":83,"column":12},"end":{"line":83,"column":37}},"type":"binary-expr","locations":[{"start":{"line":83,"column":12},"end":{"line":83,"column":19}},{"start":{"line":83,"column":23},"end":{"line":83,"column":37}}],"line":83},"10":{"loc":{"start":{"line":98,"column":7},"end":{"line":102,"column":14}},"type":"cond-expr","locations":[{"start":{"line":99,"column":8},"end":{"line":101,"column":15}},{"start":{"line":102,"column":10},"end":{"line":102,"column":14}}],"line":98},"11":{"loc":{"start":{"line":104,"column":7},"end":{"line":123,"column":7}},"type":"cond-expr","locations":[{"start":{"line":105,"column":8},"end":{"line":120,"column":20}},{"start":{"line":122,"column":8},"end":{"line":122,"column":49}}],"line":104},"12":{"loc":{"start":{"line":110,"column":12},"end":{"line":110,"column":37}},"type":"binary-expr","locations":[{"start":{"line":110,"column":12},"end":{"line":110,"column":19}},{"start":{"line":110,"column":23},"end":{"line":110,"column":37}}],"line":110}},"s":{"0":6,"1":2,"2":1,"3":1,"4":6,"5":2,"6":1,"7":1,"8":1,"9":6,"10":0,"11":6,"12":0,"13":0,"14":2},"f":{"0":6,"1":2,"2":2,"3":0,"4":0},"b":{"0":[3],"1":[5],"2":[5],"3":[6],"4":[6],"5":[1,1],"6":[1,1],"7":[0,6],"8":[5,1],"9":[0,0],"10":[6,0],"11":[5,1],"12":[0,0]},"_coverageSchema":"1a1c01bbd47fc00a2c39e90264f33305004495a9","hash":"da71d4d4a3f2f9613528524d2448494bf11deac5"}
,"C:\\Education\\New folder (5)\\react-native-popScreen\\react-native-popScreen-deepseek\\src\\PopScreenModule.ts": {"path":"C:\\Education\\New folder (5)\\react-native-popScreen\\react-native-popScreen-deepseek\\src\\PopScreenModule.ts","statementMap":{"0":{"start":{"line":4,"column":22},"end":{"line":4,"column":35}},"1":{"start":{"line":21,"column":25},"end":{"line":21,"column":28}},"2":{"start":{"line":22,"column":31},"end":{"line":22,"column":33}},"3":{"start":{"line":23,"column":33},"end":{"line":23,"column":35}},"4":{"start":{"line":25,"column":18},"end":{"line":42,"column":1}},"5":{"start":{"line":26,"column":36},"end":{"line":26,"column":41}},"6":{"start":{"line":28,"column":47},"end":{"line":28,"column":52}},"7":{"start":{"line":34,"column":41},"end":{"line":38,"column":3}},"8":{"start":{"line":49,"column":54},"end":{"line":70,"column":1}},"9":{"start":{"line":52,"column":4},"end":{"line":57,"column":26}},"10":{"start":{"line":59,"column":4},"end":{"line":64,"column":26}},"11":{"start":{"line":66,"column":4},"end":{"line":69,"column":26}}},"fnMap":{"0":{"name":"(anonymous_0)","decl":{"start":{"line":26,"column":24},"end":{"line":26,"column":25}},"loc":{"start":{"line":26,"column":36},"end":{"line":26,"column":41}},"line":26},"1":{"name":"(anonymous_1)","decl":{"start":{"line":27,"column":28},"end":{"line":27,"column":29}},"loc":{"start":{"line":27,"column":40},"end":{"line":27,"column":42}},"line":27},"2":{"name":"(anonymous_2)","decl":{"start":{"line":28,"column":35},"end":{"line":28,"column":36}},"loc":{"start":{"line":28,"column":47},"end":{"line":28,"column":52}},"line":28},"3":{"name":"(anonymous_3)","decl":{"start":{"line":29,"column":39},"end":{"line":29,"column":40}},"loc":{"start":{"line":29,"column":51},"end":{"line":29,"column":53}},"line":29},"4":{"name":"(anonymous_4)","decl":{"start":{"line":30,"column":8},"end":{"line":30,"column":9}},"loc":{"start":{"line":30,"column":20},"end":{"line":30,"column":22}},"line":30},"5":{"name":"(anonymous_5)","decl":{"start":{"line":31,"column":8},"end":{"line":31,"column":9}},"loc":{"start":{"line":31,"column":20},"end":{"line":31,"column":22}},"line":31},"6":{"name":"(anonymous_6)","decl":{"start":{"line":32,"column":11},"end":{"line":32,"column":12}},"loc":{"start":{"line":32,"column":23},"end":{"line":32,"column":25}},"line":32},"7":{"name":"(anonymous_7)","decl":{"start":{"line":33,"column":11},"end":{"line":33,"column":12}},"loc":{"start":{"line":33,"column":23},"end":{"line":33,"column":25}},"line":33},"8":{"name":"(anonymous_8)","decl":{"start":{"line":34,"column":28},"end":{"line":34,"column":29}},"loc":{"start":{"line":34,"column":41},"end":{"line":38,"column":3}},"line":34},"9":{"name":"(anonymous_9)","decl":{"start":{"line":39,"column":17},"end":{"line":39,"column":18}},"loc":{"start":{"line":39,"column":29},"end":{"line":39,"column":31}},"line":39},"10":{"name":"(anonymous_10)","decl":{"start":{"line":40,"column":22},"end":{"line":40,"column":23}},"loc":{"start":{"line":40,"column":34},"end":{"line":40,"column":36}},"line":40},"11":{"name":"(anonymous_11)","decl":{"start":{"line":41,"column":23},"end":{"line":41,"column":24}},"loc":{"start":{"line":41,"column":35},"end":{"line":41,"column":37}},"line":41},"12":{"name":"(anonymous_12)","decl":{"start":{"line":51,"column":17},"end":{"line":51,"column":18}},"loc":{"start":{"line":52,"column":4},"end":{"line":57,"column":26}},"line":52},"13":{"name":"(anonymous_13)","decl":{"start":{"line":58,"column":22},"end":{"line":58,"column":23}},"loc":{"start":{"line":59,"column":4},"end":{"line":64,"column":26}},"line":59},"14":{"name":"(anonymous_14)","decl":{"start":{"line":65,"column":23},"end":{"line":65,"column":24}},"loc":{"start":{"line":66,"column":4},"end":{"line":69,"column":26}},"line":66}},"branchMap":{"0":{"loc":{"start":{"line":25,"column":18},"end":{"line":42,"column":1}},"type":"binary-expr","locations":[{"start":{"line":25,"column":18},"end":{"line":25,"column":27}},{"start":{"line":25,"column":31},"end":{"line":42,"column":1}}],"line":25},"1":{"loc":{"start":{"line":52,"column":4},"end":{"line":57,"column":26}},"type":"binary-expr","locations":[{"start":{"line":52,"column":4},"end":{"line":57,"column":5}},{"start":{"line":57,"column":9},"end":{"line":57,"column":26}}],"line":52},"2":{"loc":{"start":{"line":53,"column":6},"end":{"line":53,"column":13}},"type":"binary-expr","locations":[{"start":{"line":53,"column":6},"end":{"line":53,"column":7}},{"start":{"line":53,"column":11},"end":{"line":53,"column":13}}],"line":53},"3":{"loc":{"start":{"line":54,"column":6},"end":{"line":54,"column":13}},"type":"binary-expr","locations":[{"start":{"line":54,"column":6},"end":{"line":54,"column":7}},{"start":{"line":54,"column":11},"end":{"line":54,"column":13}}],"line":54},"4":{"loc":{"start":{"line":55,"column":6},"end":{"line":55,"column":17}},"type":"binary-expr","locations":[{"start":{"line":55,"column":6},"end":{"line":55,"column":11}},{"start":{"line":55,"column":15},"end":{"line":55,"column":17}}],"line":55},"5":{"loc":{"start":{"line":56,"column":6},"end":{"line":56,"column":18}},"type":"binary-expr","locations":[{"start":{"line":56,"column":6},"end":{"line":56,"column":12}},{"start":{"line":56,"column":16},"end":{"line":56,"column":18}}],"line":56},"6":{"loc":{"start":{"line":59,"column":4},"end":{"line":64,"column":26}},"type":"binary-expr","locations":[{"start":{"line":59,"column":4},"end":{"line":64,"column":5}},{"start":{"line":64,"column":9},"end":{"line":64,"column":26}}],"line":59},"7":{"loc":{"start":{"line":60,"column":6},"end":{"line":60,"column":34}},"type":"binary-expr","locations":[{"start":{"line":60,"column":6},"end":{"line":60,"column":14}},{"start":{"line":60,"column":18},"end":{"line":60,"column":34}}],"line":60},"8":{"loc":{"start":{"line":61,"column":6},"end":{"line":61,"column":35}},"type":"binary-expr","locations":[{"start":{"line":61,"column":6},"end":{"line":61,"column":15}},{"start":{"line":61,"column":19},"end":{"line":61,"column":35}}],"line":61},"9":{"loc":{"start":{"line":62,"column":6},"end":{"line":62,"column":19}},"type":"binary-expr","locations":[{"start":{"line":62,"column":6},"end":{"line":62,"column":14}},{"start":{"line":62,"column":18},"end":{"line":62,"column":19}}],"line":62},"10":{"loc":{"start":{"line":63,"column":6},"end":{"line":63,"column":20}},"type":"binary-expr","locations":[{"start":{"line":63,"column":6},"end":{"line":63,"column":15}},{"start":{"line":63,"column":19},"end":{"line":63,"column":20}}],"line":63},"11":{"loc":{"start":{"line":66,"column":4},"end":{"line":69,"column":26}},"type":"binary-expr","locations":[{"start":{"line":66,"column":4},"end":{"line":69,"column":5}},{"start":{"line":69,"column":9},"end":{"line":69,"column":26}}],"line":66},"12":{"loc":{"start":{"line":67,"column":6},"end":{"line":67,"column":50}},"type":"binary-expr","locations":[{"start":{"line":67,"column":6},"end":{"line":67,"column":24}},{"start":{"line":67,"column":28},"end":{"line":67,"column":50}}],"line":67},"13":{"loc":{"start":{"line":68,"column":6},"end":{"line":68,"column":52}},"type":"binary-expr","locations":[{"start":{"line":68,"column":6},"end":{"line":68,"column":24}},{"start":{"line":68,"column":28},"end":{"line":68,"column":52}}],"line":68}},"s":{"0":2,"1":2,"2":2,"3":2,"4":2,"5":0,"6":0,"7":0,"8":2,"9":1,"10":1,"11":2},"f":{"0":0,"1":0,"2":0,"3":0,"4":0,"5":0,"6":0,"7":0,"8":0,"9":0,"10":0,"11":0,"12":1,"13":1,"14":2},"b":{"0":[2,0],"1":[1,0],"2":[1,1],"3":[1,1],"4":[1,0],"5":[1,0],"6":[1,0],"7":[1,0],"8":[1,0],"9":[1,0],"10":[1,0],"11":[2,0],"12":[2,1],"13":[2,1]},"_coverageSchema":"1a1c01bbd47fc00a2c39e90264f33305004495a9","hash":"44493724bbcfe4aecb2db5b2a2dd8c10bff01906"}
,"C:\\Education\\New folder (5)\\react-native-popScreen\\react-native-popScreen-deepseek\\src\\createOverlayStore.ts": {"path":"C:\\Education\\New folder (5)\\react-native-popScreen\\react-native-popScreen-deepseek\\src\\createOverlayStore.ts","statementMap":{"0":{"start":{"line":7,"column":14},"end":{"line":7,"column":26}},"1":{"start":{"line":8,"column":20},"end":{"line":8,"column":41}},"2":{"start":{"line":11,"column":4},"end":{"line":11,"column":17}},"3":{"start":{"line":15,"column":17},"end":{"line":15,"column":73}},"4":{"start":{"line":16,"column":4},"end":{"line":16,"column":34}},"5":{"start":{"line":17,"column":4},"end":{"line":17,"column":48}},"6":{"start":{"line":17,"column":36},"end":{"line":17,"column":46}},"7":{"start":{"line":21,"column":4},"end":{"line":21,"column":28}},"8":{"start":{"line":22,"column":4},"end":{"line":22,"column":44}},"9":{"start":{"line":22,"column":17},"end":{"line":22,"column":43}},"10":{"start":{"line":25,"column":2},"end":{"line":25,"column":43}}},"fnMap":{"0":{"name":"createOverlayStore","decl":{"start":{"line":6,"column":16},"end":{"line":6,"column":34}},"loc":{"start":{"line":6,"column":83},"end":{"line":26,"column":1}},"line":6},"1":{"name":"getState","decl":{"start":{"line":10,"column":11},"end":{"line":10,"column":19}},"loc":{"start":{"line":10,"column":25},"end":{"line":12,"column":3}},"line":10},"2":{"name":"setState","decl":{"start":{"line":14,"column":11},"end":{"line":14,"column":19}},"loc":{"start":{"line":14,"column":69},"end":{"line":18,"column":3}},"line":14},"3":{"name":"(anonymous_3)","decl":{"start":{"line":17,"column":22},"end":{"line":17,"column":23}},"loc":{"start":{"line":17,"column":36},"end":{"line":17,"column":46}},"line":17},"4":{"name":"subscribe","decl":{"start":{"line":20,"column":11},"end":{"line":20,"column":20}},"loc":{"start":{"line":20,"column":55},"end":{"line":23,"column":3}},"line":20},"5":{"name":"(anonymous_5)","decl":{"start":{"line":22,"column":11},"end":{"line":22,"column":12}},"loc":{"start":{"line":22,"column":17},"end":{"line":22,"column":43}},"line":22}},"branchMap":{"0":{"loc":{"start":{"line":15,"column":17},"end":{"line":15,"column":73}},"type":"cond-expr","locations":[{"start":{"line":15,"column":49},"end":{"line":15,"column":63}},{"start":{"line":15,"column":66},"end":{"line":15,"column":73}}],"line":15}},"s":{"0":7,"1":7,"2":7,"3":5,"4":5,"5":5,"6":1,"7":2,"8":2,"9":1,"10":7},"f":{"0":7,"1":7,"2":5,"3":1,"4":2,"5":1},"b":{"0":[1,4]},"_coverageSchema":"1a1c01bbd47fc00a2c39e90264f33305004495a9","hash":"6c2d37b9b4fd771e50115a9e5282d61359b75426"}
,"C:\\Education\\New folder (5)\\react-native-popScreen\\react-native-popScreen-deepseek\\src\\minimizeRestore.ts": {"path":"C:\\Education\\New folder (5)\\react-native-popScreen\\react-native-popScreen-deepseek\\src\\minimizeRestore.ts","statementMap":{"0":{"start":{"line":3,"column":83},"end":{"line":3,"column":87}},"1":{"start":{"line":4,"column":18},"end":{"line":4,"column":23}},"2":{"start":{"line":6,"column":23},"end":{"line":6,"column":48}},"3":{"start":{"line":17,"column":2},"end":{"line":17,"column":26}},"4":{"start":{"line":17,"column":19},"end":{"line":17,"column":26}},"5":{"start":{"line":18,"column":2},"end":{"line":18,"column":46}},"6":{"start":{"line":18,"column":19},"end":{"line":18,"column":46}},"7":{"start":{"line":19,"column":2},"end":{"line":19,"column":21}},"8":{"start":{"line":21,"column":16},"end":{"line":21,"column":54}},"9":{"start":{"line":22,"column":17},"end":{"line":22,"column":57}},"10":{"start":{"line":24,"column":2},"end":{"line":24,"column":75}},"11":{"start":{"line":28,"column":2},"end":{"line":28,"column":44}},"12":{"start":{"line":28,"column":37},"end":{"line":28,"column":44}},"13":{"start":{"line":29,"column":2},"end":{"line":29,"column":22}},"14":{"start":{"line":31,"column":2},"end":{"line":36,"column":4}},"15":{"start":{"line":40,"column":2},"end":{"line":40,"column":21}}},"fnMap":{"0":{"name":"minimize","decl":{"start":{"line":13,"column":22},"end":{"line":13,"column":30}},"loc":{"start":{"line":16,"column":2},"end":{"line":25,"column":1}},"line":16},"1":{"name":"restore","decl":{"start":{"line":27,"column":22},"end":{"line":27,"column":29}},"loc":{"start":{"line":27,"column":32},"end":{"line":37,"column":1}},"line":27},"2":{"name":"getIsMinimized","decl":{"start":{"line":39,"column":16},"end":{"line":39,"column":30}},"loc":{"start":{"line":39,"column":33},"end":{"line":41,"column":1}},"line":39}},"branchMap":{"0":{"loc":{"start":{"line":17,"column":2},"end":{"line":17,"column":26}},"type":"if","locations":[{"start":{"line":17,"column":2},"end":{"line":17,"column":26}},{"start":{},"end":{}}],"line":17},"1":{"loc":{"start":{"line":18,"column":2},"end":{"line":18,"column":46}},"type":"if","locations":[{"start":{"line":18,"column":2},"end":{"line":18,"column":46}},{"start":{},"end":{}}],"line":18},"2":{"loc":{"start":{"line":21,"column":16},"end":{"line":21,"column":54}},"type":"binary-expr","locations":[{"start":{"line":21,"column":16},"end":{"line":21,"column":30}},{"start":{"line":21,"column":34},"end":{"line":21,"column":54}}],"line":21},"3":{"loc":{"start":{"line":22,"column":17},"end":{"line":22,"column":57}},"type":"binary-expr","locations":[{"start":{"line":22,"column":17},"end":{"line":22,"column":32}},{"start":{"line":22,"column":36},"end":{"line":22,"column":57}}],"line":22},"4":{"loc":{"start":{"line":28,"column":2},"end":{"line":28,"column":44}},"type":"if","locations":[{"start":{"line":28,"column":2},"end":{"line":28,"column":44}},{"start":{},"end":{}}],"line":28},"5":{"loc":{"start":{"line":28,"column":6},"end":{"line":28,"column":35}},"type":"binary-expr","locations":[{"start":{"line":28,"column":6},"end":{"line":28,"column":18}},{"start":{"line":28,"column":22},"end":{"line":28,"column":35}}],"line":28}},"s":{"0":4,"1":4,"2":4,"3":4,"4":1,"5":3,"6":3,"7":3,"8":3,"9":3,"10":3,"11":2,"12":1,"13":1,"14":1,"15":2},"f":{"0":4,"1":2,"2":2},"b":{"0":[1,3],"1":[3,0],"2":[3,3],"3":[3,3],"4":[1,1],"5":[2,1]},"_coverageSchema":"1a1c01bbd47fc00a2c39e90264f33305004495a9","hash":"05a8a7bd098f58d723e81d14aeff77773ff62347"}
}
