TN:
SF:src\PopScreenContent.tsx
FN:42,PopScreenContent
FN:59,(anonymous_1)
FN:65,(anonymous_2)
FN:71,(anonymous_3)
FN:77,(anonymous_4)
FN:83,(anonymous_5)
FNF:6
FNH:6
FNDA:10,PopScreenContent
FNDA:10,(anonymous_1)
FNDA:10,(anonymous_2)
FNDA:10,(anonymous_3)
FNDA:10,(anonymous_4)
FNDA:10,(anonymous_5)
DA:59,10
DA:60,10
DA:61,2
DA:65,10
DA:66,10
DA:67,1
DA:71,10
DA:72,10
DA:73,1
DA:77,10
DA:78,10
DA:79,2
DA:80,1
DA:83,10
DA:84,10
DA:85,10
DA:86,10
DA:88,10
DA:90,1
DA:91,1
DA:92,1
DA:94,0
DA:95,0
DA:97,0
DA:98,0
DA:99,0
DA:101,0
DA:102,0
DA:105,9
DA:106,9
DA:109,10
DA:111,10
DA:120,10
DA:128,1
LF:34
LH:27
BRDA:46,0,0,9
BRDA:60,1,0,2
BRDA:60,1,1,8
BRDA:60,2,0,10
BRDA:60,2,1,9
BRDA:66,3,0,1
BRDA:66,3,1,9
BRDA:66,4,0,10
BRDA:66,4,1,9
BRDA:72,5,0,1
BRDA:72,5,1,9
BRDA:72,6,0,10
BRDA:72,6,1,9
BRDA:72,6,2,9
BRDA:72,6,3,9
BRDA:78,7,0,8
BRDA:78,7,1,2
BRDA:78,8,0,10
BRDA:78,8,1,9
BRDA:79,9,0,1
BRDA:79,9,1,1
BRDA:84,10,0,10
BRDA:84,10,1,8
BRDA:84,11,0,0
BRDA:84,11,1,8
BRDA:88,12,0,1
BRDA:88,12,1,0
BRDA:88,12,2,0
BRDA:88,12,3,0
BRDA:88,12,4,9
BRDA:88,12,5,9
BRDA:109,13,0,10
BRDA:109,13,1,9
BRDA:114,14,0,1
BRDA:114,14,1,9
BRDA:115,15,0,1
BRDA:115,15,1,9
BRDA:116,16,0,1
BRDA:116,16,1,9
BRF:39
BRH:35
end_of_record
TN:
SF:src\PopScreenHeader.tsx
FN:40,PopScreenHeader
FN:54,(anonymous_1)
FN:62,(anonymous_2)
FN:79,(anonymous_3)
FN:106,(anonymous_4)
FNF:5
FNH:3
FNDA:6,PopScreenHeader
FNDA:2,(anonymous_1)
FNDA:2,(anonymous_2)
FNDA:0,(anonymous_3)
FNDA:0,(anonymous_4)
DA:54,6
DA:55,2
DA:56,1
DA:58,1
DA:62,6
DA:63,2
DA:64,1
DA:66,1
DA:67,1
DA:71,6
DA:72,0
DA:75,6
DA:79,0
DA:106,0
DA:128,2
LF:15
LH:12
BRDA:41,0,0,3
BRDA:44,1,0,5
BRDA:45,2,0,5
BRDA:46,3,0,6
BRDA:47,4,0,6
BRDA:55,5,0,1
BRDA:55,5,1,1
BRDA:63,6,0,1
BRDA:63,6,1,1
BRDA:71,7,0,0
BRDA:71,7,1,6
BRDA:77,8,0,5
BRDA:77,8,1,1
BRDA:83,9,0,0
BRDA:83,9,1,0
BRDA:98,10,0,6
BRDA:98,10,1,0
BRDA:104,11,0,5
BRDA:104,11,1,1
BRDA:110,12,0,0
BRDA:110,12,1,0
BRF:21
BRH:15
end_of_record
TN:
SF:src\PopScreenModule.ts
FN:26,(anonymous_0)
FN:27,(anonymous_1)
FN:28,(anonymous_2)
FN:29,(anonymous_3)
FN:30,(anonymous_4)
FN:31,(anonymous_5)
FN:32,(anonymous_6)
FN:33,(anonymous_7)
FN:34,(anonymous_8)
FN:39,(anonymous_9)
FN:40,(anonymous_10)
FN:41,(anonymous_11)
FN:51,(anonymous_12)
FN:58,(anonymous_13)
FN:65,(anonymous_14)
FNF:15
FNH:3
FNDA:0,(anonymous_0)
FNDA:0,(anonymous_1)
FNDA:0,(anonymous_2)
FNDA:0,(anonymous_3)
FNDA:0,(anonymous_4)
FNDA:0,(anonymous_5)
FNDA:0,(anonymous_6)
FNDA:0,(anonymous_7)
FNDA:0,(anonymous_8)
FNDA:0,(anonymous_9)
FNDA:0,(anonymous_10)
FNDA:0,(anonymous_11)
FNDA:1,(anonymous_12)
FNDA:1,(anonymous_13)
FNDA:2,(anonymous_14)
DA:4,2
DA:21,2
DA:22,2
DA:23,2
DA:25,2
DA:26,0
DA:28,0
DA:34,0
DA:49,2
DA:52,1
DA:59,1
DA:66,2
LF:12
LH:9
BRDA:25,0,0,2
BRDA:25,0,1,0
BRDA:52,1,0,1
BRDA:52,1,1,0
BRDA:53,2,0,1
BRDA:53,2,1,1
BRDA:54,3,0,1
BRDA:54,3,1,1
BRDA:55,4,0,1
BRDA:55,4,1,0
BRDA:56,5,0,1
BRDA:56,5,1,0
BRDA:59,6,0,1
BRDA:59,6,1,0
BRDA:60,7,0,1
BRDA:60,7,1,0
BRDA:61,8,0,1
BRDA:61,8,1,0
BRDA:62,9,0,1
BRDA:62,9,1,0
BRDA:63,10,0,1
BRDA:63,10,1,0
BRDA:66,11,0,2
BRDA:66,11,1,0
BRDA:67,12,0,2
BRDA:67,12,1,1
BRDA:68,13,0,2
BRDA:68,13,1,1
BRF:28
BRH:18
end_of_record
TN:
SF:src\createOverlayStore.ts
FN:6,createOverlayStore
FN:10,getState
FN:14,setState
FN:17,(anonymous_3)
FN:20,subscribe
FN:22,(anonymous_5)
FNF:6
FNH:6
FNDA:7,createOverlayStore
FNDA:7,getState
FNDA:5,setState
FNDA:1,(anonymous_3)
FNDA:2,subscribe
FNDA:1,(anonymous_5)
DA:7,7
DA:8,7
DA:11,7
DA:15,5
DA:16,5
DA:17,5
DA:21,2
DA:22,2
DA:25,7
LF:9
LH:9
BRDA:15,0,0,1
BRDA:15,0,1,4
BRF:2
BRH:2
end_of_record
TN:
SF:src\minimizeRestore.ts
FN:13,minimize
FN:27,restore
FN:39,getIsMinimized
FNF:3
FNH:3
FNDA:4,minimize
FNDA:2,restore
FNDA:2,getIsMinimized
DA:3,4
DA:4,4
DA:6,4
DA:17,4
DA:18,3
DA:19,3
DA:21,3
DA:22,3
DA:24,3
DA:28,2
DA:29,1
DA:31,1
DA:40,2
LF:13
LH:13
BRDA:17,0,0,1
BRDA:17,0,1,3
BRDA:18,1,0,3
BRDA:18,1,1,0
BRDA:21,2,0,3
BRDA:21,2,1,3
BRDA:22,3,0,3
BRDA:22,3,1,3
BRDA:28,4,0,1
BRDA:28,4,1,1
BRDA:28,5,0,2
BRDA:28,5,1,1
BRF:12
BRH:11
end_of_record
